<?xml version="1.0" encoding="UTF-8"?>
<!-- Generated by org.testng.reporters.JUnitReportReporter -->
<testsuite skipped="0" hostname="DESKTOP-3SL4LUB" name="testcases.UploadPhotoTest" tests="1" failures="0" timestamp="23 Nov 2019 06:11:37 GMT" time="11.789" errors="0">
  <testcase name="uploadPhoto" time="11.789" classname="testcases.UploadPhotoTest"/>
</testsuite> <!-- testcases.UploadPhotoTest -->
