<?xml version="1.0" encoding="UTF-8"?>
<!-- Generated by org.testng.reporters.JUnitReportReporter -->
<testsuite skipped="0" hostname="DESKTOP-TPLJPMQ" name="testcases.LoginTest" tests="1" failures="0" timestamp="02 May 2020 09:01:16 GMT" time="20.408" errors="0">
  <testcase name="doLogin" time="20.408" classname="testcases.LoginTest"/>
</testsuite> <!-- testcases.LoginTest -->
